<?xml version="1.0" encoding="UTF-8"?>
<!-- Generated by org.testng.reporters.JUnitXMLReporter -->
<testsuite hostname="pc" name="music.day" tests="27" failures="1" timestamp="15 Oct 2013 11:11:44 GMT" time="131.908" errors="0">
  <testcase name="LogIn" time="18.743" classname="user.LoginTest"/>
  <testcase name="SocialLinks" time="2.153" classname="content.Music"/>
  <testcase name="CheckGenres" time="3.616" classname="content.Music"/>
  <testcase name="CheckArtists" time="2.544" classname="content.Music"/>
  <testcase name="CheckTitles" time="2.034" classname="content.Music"/>
  <testcase name="CheckBlocks" time="1.39" classname="content.Music"/>
  <testcase name="PlayMusic" time="7.473" classname="content.Music"/>
  <testcase name="SocialLinks" time="2.28" classname="content.AzerMusic"/>
  <testcase name="CheckGenres" time="3.786" classname="content.AzerMusic"/>
  <testcase name="CheckArtists" time="2.66" classname="content.AzerMusic"/>
  <testcase name="CheckTitles" time="1.522" classname="content.AzerMusic"/>
  <testcase name="CheckBlocks" time="1.587" classname="content.AzerMusic"/>
  <testcase name="SocialLinks" time="2.363" classname="content.NewMusic"/>
  <testcase name="CheckArtists" time="1.75" classname="content.NewMusic"/>
  <testcase name="CheckTitle" time="1.668" classname="content.NewMusic"/>
  <testcase name="CheckBlocks" time="2.285" classname="content.NewMusic"/>
  <testcase name="CheckAlbums" time="4.312" classname="content.NewMusic"/>
  <testcase name="CheckHeader" time="4.489" classname="content.Music"/>
  <testcase name="CheckHeader" time="4.601" classname="content.AzerMusic"/>
  <testcase name="NewMusicHeader" time="4.068" classname="content.NewMusic"/>
  <testcase name="CheckHeader" time="3.811" classname="content.Playlist"/>
  <testcase name="SocialLinks" time="2.094" classname="content.Playlist"/>
  <testcase name="PlayTrack" time="21.262" classname="content.Playlist">
    <failure type="org.openqa.selenium.NoSuchElementException" message="no such element
  (Session info: chrome=29.0.1547.76)
  (Driver info: chromedriver=2.3,platform=Linux 3.5.0-41-generic x86_64) (WARNING: The server did not provide any stacktrace information)
Command duration or timeout: 10.04 seconds
For documentation on this error, please visit: http://seleniumhq.org/exceptions/no_such_element.html
Build info: version: &amp;apos;2.35.0&amp;apos;, revision: &amp;apos;c916b9d&amp;apos;, time: &amp;apos;2013-08-12 15:42:01&amp;apos;
System info: os.name: &amp;apos;Linux&amp;apos;, os.arch: &amp;apos;amd64&amp;apos;, os.version: &amp;apos;3.5.0-41-generic&amp;apos;, java.version: &amp;apos;1.7.0_40&amp;apos;
Session ID: 26e6c1f7e83c5135a5eb18bc9830cd96
Driver info: org.openqa.selenium.chrome.ChromeDriver
Capabilities [{platform=LINUX, acceptSslCerts=true, javascriptEnabled=true, browserName=chrome, chrome={chromedriverVersion=2.3}, rotatable=false, locationContextEnabled=true, version=29.0.1547.76, cssSelectorsEnabled=true, databaseEnabled=true, handlesAlerts=true, browserConnectionEnabled=false, webStorageEnabled=true, nativeEvents=true, applicationCacheEnabled=false, takesScreenshot=true}]">
      <![CDATA[org.openqa.selenium.NoSuchElementException: no such element
  (Session info: chrome=29.0.1547.76)
  (Driver info: chromedriver=2.3,platform=Linux 3.5.0-41-generic x86_64) (WARNING: The server did not provide any stacktrace information)
Command duration or timeout: 10.04 seconds
For documentation on this error, please visit: http://seleniumhq.org/exceptions/no_such_element.html
Build info: version: '2.35.0', revision: 'c916b9d', time: '2013-08-12 15:42:01'
System info: os.name: 'Linux', os.arch: 'amd64', os.version: '3.5.0-41-generic', java.version: '1.7.0_40'
Session ID: 26e6c1f7e83c5135a5eb18bc9830cd96
Driver info: org.openqa.selenium.chrome.ChromeDriver
Capabilities [{platform=LINUX, acceptSslCerts=true, javascriptEnabled=true, browserName=chrome, chrome={chromedriverVersion=2.3}, rotatable=false, locationContextEnabled=true, version=29.0.1547.76, cssSelectorsEnabled=true, databaseEnabled=true, handlesAlerts=true, browserConnectionEnabled=false, webStorageEnabled=true, nativeEvents=true, applicationCacheEnabled=false, takesScreenshot=true}]
	at org.openqa.selenium.remote.ErrorHandler.createThrowable(ErrorHandler.java:191)
	at org.openqa.selenium.remote.ErrorHandler.throwIfResponseFailed(ErrorHandler.java:145)
	at org.openqa.selenium.remote.RemoteWebDriver.execute(RemoteWebDriver.java:554)
	at org.openqa.selenium.remote.RemoteWebDriver.findElement(RemoteWebDriver.java:307)
	at org.openqa.selenium.remote.RemoteWebDriver.findElementByXPath(RemoteWebDriver.java:404)
	at org.openqa.selenium.By$ByXPath.findElement(By.java:344)
	at org.openqa.selenium.remote.RemoteWebDriver.findElement(RemoteWebDriver.java:299)
	at content.Playlist.PlayTrack(Playlist.java:66)
... Removed 28 stack frames]]>
    </failure>
  </testcase> <!-- PlayTrack -->
  <testcase name="CleanPlaylist" time="11.791" classname="content.Playlist"/>
  <testcase name="AddAndDelete" time="9.991" classname="content.Playlist"/>
  <testcase name="NewMusicHeader" time="4.306" classname="content.Upload"/>
  <testcase name="CheckBtn" time="0.902" classname="content.Upload"/>
</testsuite> <!-- music.day -->
