<?xml version="1.0" encoding="utf-8" ?>
<!DOCTYPE html PUBLIC "-//W3C//DTD XHTML 1.0 Strict//EN"
        "http://www.w3.org/TR/xhtml1/DTD/xhtml1-strict.dtd">
<html xmlns="http://www.w3.org/1999/xhtml" xml:lang="" lang="">
<head>
  <title>Test Results Report - music.nur</title>
  <meta http-equiv="Content-Type" content="text/html;charset=utf-8" />
  <meta name="description" content="TestNG unit test results." />
  <link href="reportng.css" rel="stylesheet" type="text/css" />
    <script type="text/javascript" src="reportng.js"></script>
</head>
<body>
<h1>music.nur</h1>
<p>
  Test duration: 116,049s
</p>



  <table class="resultsTable">
    <tr><th colspan="3" class="header failed">Failed Tests</th></tr>
          <tr>
        <td colspan="3" class="group">content.Playlist</td>
      </tr>
            
<tr>
  <td class="method">
                  <span class="description" title="Проверяет добавление и удаление треков на <<Мой плейлист>>">AddAndDeleteTrack</span>
      </td>
  <td class="duration">
    16,627s
  </td>
  <td class="result">
        
    
            <div class="testOutput">
                        <a href=fail-screenshots/2013-10-16/content.Playlist_AddAndDeleteTrack_10-43-13.png><img src=fail-screenshots/2013-10-16/content.Playlist_AddAndDeleteTrack_10-43-13.png height='200' width='200'/></a>
                                <a href=fail-screenshots/2013-10-16/content.Playlist_AddAndDeleteTrack_10-43-14.png><img src=fail-screenshots/2013-10-16/content.Playlist_AddAndDeleteTrack_10-43-14.png height='200' width='200'/></a>
                  </div>
    

        <a href="javascript:toggleElement('exception-0', 'block')" title="Click to expand/collapse"><b>org.openqa.selenium.NoSuchElementException: no such element<br/>
&nbsp; (Session info: chrome=29.0.1547.76)<br/>
&nbsp; (Driver info: chromedriver=2.3,platform=Linux 3.5.0-41-generic x86_64) (WARNING: The server did not provide any stacktrace information)<br/>
Command duration or timeout: 10.02 seconds<br/>
For documentation on this error, please visit: http://seleniumhq.org/exceptions/no_such_element.html<br/>
Build info: version: &apos;2.35.0&apos;, revision: &apos;8df0c6bedf70ff9f22c647788f9fe9c8d22210e2&apos;, time: &apos;2013-08-17 12:46:41&apos;<br/>
System info: os.name: &apos;Linux&apos;, os.arch: &apos;amd64&apos;, os.version: &apos;3.5.0-41-generic&apos;, java.version: &apos;1.7.0_40&apos;<br/>
Session ID: 85931ec8bfe0b76d6d10462d35b1e8e6<br/>
Driver info: org.openqa.selenium.chrome.ChromeDriver<br/>
Capabilities [{platform=LINUX, acceptSslCerts=true, javascriptEnabled=true, browserName=chrome, chrome={chromedriverVersion=2.3}, rotatable=false, locationContextEnabled=true, version=29.0.1547.76, cssSelectorsEnabled=true, databaseEnabled=true, handlesAlerts=true, browserConnectionEnabled=false, webStorageEnabled=true, nativeEvents=true, applicationCacheEnabled=false, takesScreenshot=true}]</b></a><br />
    <div class="stackTrace" id="exception-0">
              sun.reflect.NativeConstructorAccessorImpl.newInstance0(Native Method)<br />
              sun.reflect.NativeConstructorAccessorImpl.newInstance(NativeConstructorAccessorImpl.java:57)<br />
              sun.reflect.DelegatingConstructorAccessorImpl.newInstance(DelegatingConstructorAccessorImpl.java:45)<br />
              java.lang.reflect.Constructor.newInstance(Constructor.java:526)<br />
              org.openqa.selenium.remote.ErrorHandler.createThrowable(ErrorHandler.java:191)<br />
              org.openqa.selenium.remote.ErrorHandler.throwIfResponseFailed(ErrorHandler.java:145)<br />
              org.openqa.selenium.remote.RemoteWebDriver.execute(RemoteWebDriver.java:554)<br />
              org.openqa.selenium.remote.RemoteWebDriver.findElement(RemoteWebDriver.java:307)<br />
              org.openqa.selenium.remote.RemoteWebDriver.findElementByXPath(RemoteWebDriver.java:404)<br />
              org.openqa.selenium.By$ByXPath.findElement(By.java:344)<br />
              org.openqa.selenium.remote.RemoteWebDriver.findElement(RemoteWebDriver.java:299)<br />
              org.openqa.selenium.support.pagefactory.DefaultElementLocator.findElement(DefaultElementLocator.java:59)<br />
              org.openqa.selenium.support.pagefactory.internal.LocatingElementHandler.invoke(LocatingElementHandler.java:34)<br />
              com.sun.proxy.$Proxy6.getAttribute(Unknown Source)<br />
              content.Playlist.AddAndDelTrack(Playlist.java:104)<br />
              content.Playlist.AddAndDeleteTrack(Playlist.java:94)<br />
              sun.reflect.NativeMethodAccessorImpl.invoke0(Native Method)<br />
              sun.reflect.NativeMethodAccessorImpl.invoke(NativeMethodAccessorImpl.java:57)<br />
              sun.reflect.DelegatingMethodAccessorImpl.invoke(DelegatingMethodAccessorImpl.java:43)<br />
              java.lang.reflect.Method.invoke(Method.java:606)<br />
              org.testng.internal.MethodInvocationHelper.invokeMethod(MethodInvocationHelper.java:84)<br />
              org.testng.internal.Invoker.invokeMethod(Invoker.java:714)<br />
              org.testng.internal.Invoker.invokeTestMethod(Invoker.java:901)<br />
              org.testng.internal.Invoker.invokeTestMethods(Invoker.java:1231)<br />
              org.testng.internal.TestMethodWorker.invokeTestMethods(TestMethodWorker.java:127)<br />
              org.testng.internal.TestMethodWorker.run(TestMethodWorker.java:111)<br />
              org.testng.TestRunner.privateRun(TestRunner.java:767)<br />
              org.testng.TestRunner.run(TestRunner.java:617)<br />
              org.testng.SuiteRunner.runTest(SuiteRunner.java:334)<br />
              org.testng.SuiteRunner.runSequentially(SuiteRunner.java:329)<br />
              org.testng.SuiteRunner.privateRun(SuiteRunner.java:291)<br />
              org.testng.SuiteRunner.run(SuiteRunner.java:240)<br />
              org.testng.SuiteRunnerWorker.runSuite(SuiteRunnerWorker.java:52)<br />
              org.testng.SuiteRunnerWorker.run(SuiteRunnerWorker.java:86)<br />
              org.testng.TestNG.runSuitesSequentially(TestNG.java:1224)<br />
              org.testng.TestNG.runSuitesLocally(TestNG.java:1149)<br />
              org.testng.TestNG.run(TestNG.java:1057)<br />
              org.apache.maven.surefire.testng.TestNGExecutor.run(TestNGExecutor.java:170)<br />
              org.apache.maven.surefire.testng.TestNGXmlTestSuite.execute(TestNGXmlTestSuite.java:84)<br />
              org.apache.maven.surefire.testng.TestNGProvider.invoke(TestNGProvider.java:92)<br />
              org.apache.maven.surefire.booter.ForkedBooter.invokeProviderInSameClassLoader(ForkedBooter.java:200)<br />
              org.apache.maven.surefire.booter.ForkedBooter.runSuitesInProcess(ForkedBooter.java:153)<br />
              org.apache.maven.surefire.booter.ForkedBooter.main(ForkedBooter.java:103)<br />
                </div>
      </td>
</tr>
          <tr>
        <td colspan="3" class="group">content.Upload</td>
      </tr>
            
<tr>
  <td class="method">
                  <span class="description" title="Проверяет ссылки на шапке на <<Загрузить>>">CheckHeader</span>
      </td>
  <td class="duration">
    3,615s
  </td>
  <td class="result">
        
    
            <div class="testOutput">
                        Is FAILED by assertion error on page http://music.nur.kz/new
                                <a href=fail-screenshots/2013-10-16/content.Upload_CheckHeader_10-42-44.png><img src=fail-screenshots/2013-10-16/content.Upload_CheckHeader_10-42-44.png height='200' width='200'/></a>
                                <a href=fail-screenshots/2013-10-16/content.Upload_CheckHeader_10-42-45.png><img src=fail-screenshots/2013-10-16/content.Upload_CheckHeader_10-42-45.png height='200' width='200'/></a>
                  </div>
    

        <a href="javascript:toggleElement('exception-1', 'block')" title="Click to expand/collapse"><b>java.lang.AssertionError</b></a><br />
    <div class="stackTrace" id="exception-1">
              content.Upload.CheckHeader(Upload.java:52)<br />
              sun.reflect.NativeMethodAccessorImpl.invoke0(Native Method)<br />
              sun.reflect.NativeMethodAccessorImpl.invoke(NativeMethodAccessorImpl.java:57)<br />
              sun.reflect.DelegatingMethodAccessorImpl.invoke(DelegatingMethodAccessorImpl.java:43)<br />
              java.lang.reflect.Method.invoke(Method.java:606)<br />
              org.testng.internal.MethodInvocationHelper.invokeMethod(MethodInvocationHelper.java:84)<br />
              org.testng.internal.Invoker.invokeMethod(Invoker.java:714)<br />
              org.testng.internal.Invoker.invokeTestMethod(Invoker.java:901)<br />
              org.testng.internal.Invoker.invokeTestMethods(Invoker.java:1231)<br />
              org.testng.internal.TestMethodWorker.invokeTestMethods(TestMethodWorker.java:127)<br />
              org.testng.internal.TestMethodWorker.run(TestMethodWorker.java:111)<br />
              org.testng.TestRunner.privateRun(TestRunner.java:767)<br />
              org.testng.TestRunner.run(TestRunner.java:617)<br />
              org.testng.SuiteRunner.runTest(SuiteRunner.java:334)<br />
              org.testng.SuiteRunner.runSequentially(SuiteRunner.java:329)<br />
              org.testng.SuiteRunner.privateRun(SuiteRunner.java:291)<br />
              org.testng.SuiteRunner.run(SuiteRunner.java:240)<br />
              org.testng.SuiteRunnerWorker.runSuite(SuiteRunnerWorker.java:52)<br />
              org.testng.SuiteRunnerWorker.run(SuiteRunnerWorker.java:86)<br />
              org.testng.TestNG.runSuitesSequentially(TestNG.java:1224)<br />
              org.testng.TestNG.runSuitesLocally(TestNG.java:1149)<br />
              org.testng.TestNG.run(TestNG.java:1057)<br />
              org.apache.maven.surefire.testng.TestNGExecutor.run(TestNGExecutor.java:170)<br />
              org.apache.maven.surefire.testng.TestNGXmlTestSuite.execute(TestNGXmlTestSuite.java:84)<br />
              org.apache.maven.surefire.testng.TestNGProvider.invoke(TestNGProvider.java:92)<br />
              org.apache.maven.surefire.booter.ForkedBooter.invokeProviderInSameClassLoader(ForkedBooter.java:200)<br />
              org.apache.maven.surefire.booter.ForkedBooter.runSuitesInProcess(ForkedBooter.java:153)<br />
              org.apache.maven.surefire.booter.ForkedBooter.main(ForkedBooter.java:103)<br />
                </div>
      </td>
</tr>
      </table>


  <table class="resultsTable">
    <tr><th colspan="3" class="header passed">Passed Tests</th></tr>
          <tr>
        <td colspan="3" class="group">content.KazahMusic</td>
      </tr>
            
<tr>
  <td class="method">
                  <span class="description" title="Проверяет отображение артистов на <<Казахская>>">CheckArtists</span>
      </td>
  <td class="duration">
    2,115s
  </td>
  <td class="result">
        
    
        

      </td>
</tr>
<tr>
  <td class="method">
                  <span class="description" title="Проверяет отображение блоков на <<Казахская>>">CheckBlocks</span>
      </td>
  <td class="duration">
    2,595s
  </td>
  <td class="result">
        
    
        

      </td>
</tr>
<tr>
  <td class="method">
                  <span class="description" title="Проверяет отображение жанров на <<Казахская>>">CheckGenres</span>
      </td>
  <td class="duration">
    2,625s
  </td>
  <td class="result">
        
    
        

      </td>
</tr>
<tr>
  <td class="method">
                  <span class="description" title="Проверяет ссылки на шапке на <<Казахская>>">CheckHeader</span>
      </td>
  <td class="duration">
    3,407s
  </td>
  <td class="result">
        
    
        

      </td>
</tr>
<tr>
  <td class="method">
                  <span class="description" title="Проверяет блок соц сетей на <<Казахская>>">CheckSocialLinks</span>
      </td>
  <td class="duration">
    12,062s
  </td>
  <td class="result">
        
    
        

      </td>
</tr>
<tr>
  <td class="method">
                  <span class="description" title="Проверяет отображение и корректность имен блоков на <<Казахская>>">CheckTitle</span>
      </td>
  <td class="duration">
    2,574s
  </td>
  <td class="result">
        
    
        

      </td>
</tr>
<tr>
  <td class="method">
                  <span class="description" title="Проверяет отображение треков на <<Казахская>>">CheckTracks</span>
      </td>
  <td class="duration">
    2,037s
  </td>
  <td class="result">
        
    
        

      </td>
</tr>
<tr>
  <td class="method">
                  <span class="description" title="Тестирует поиск на <<Казахская>>">Search</span>
      </td>
  <td class="duration">
    3,728s
  </td>
  <td class="result">
        
    
        

      </td>
</tr>
          <tr>
        <td colspan="3" class="group">content.Music</td>
      </tr>
            
<tr>
  <td class="method">
                  <span class="description" title="Проверяет отображение артистов на <<Музыка>>">CheckArtists</span>
      </td>
  <td class="duration">
    4,612s
  </td>
  <td class="result">
        
    
        

      </td>
</tr>
<tr>
  <td class="method">
                  <span class="description" title="Проверяет отображение блоков на <<Музыка>>">CheckBlocks</span>
      </td>
  <td class="duration">
    1,161s
  </td>
  <td class="result">
        
    
        

      </td>
</tr>
<tr>
  <td class="method">
                  <span class="description" title="Проверяет отображение жанров на <<Музыка>>">CheckGenres</span>
      </td>
  <td class="duration">
    3,220s
  </td>
  <td class="result">
        
    
        

      </td>
</tr>
<tr>
  <td class="method">
                  <span class="description" title="Проверяет ссылки на шапке на <<Музыка>>">CheckHeader</span>
      </td>
  <td class="duration">
    3,589s
  </td>
  <td class="result">
        
    
        

      </td>
</tr>
<tr>
  <td class="method">
                  <span class="description" title="Проверяет блок соц сетей на <<Музыка>>">CheckSocialLinks</span>
      </td>
  <td class="duration">
    2,457s
  </td>
  <td class="result">
        
    
        

      </td>
</tr>
<tr>
  <td class="method">
                  <span class="description" title="Проверяет отображение треков на <<Музыка>>">CheckTracks</span>
      </td>
  <td class="duration">
    2,529s
  </td>
  <td class="result">
        
    
        

      </td>
</tr>
<tr>
  <td class="method">
                  <span class="description" title="Тестирует поиск на <<Музыка>>">Search</span>
      </td>
  <td class="duration">
    4,207s
  </td>
  <td class="result">
        
    
        

      </td>
</tr>
<tr>
  <td class="method">
                  <span class="description" title="Проверяет отображение м корректность имен блоков на <<Музыка>>">checkTitles</span>
      </td>
  <td class="duration">
    1,221s
  </td>
  <td class="result">
        
    
        

      </td>
</tr>
          <tr>
        <td colspan="3" class="group">content.NewMusic</td>
      </tr>
            
<tr>
  <td class="method">
                  <span class="description" title="Проверяет отображения альбомов на <<Новинки>>">CheckAlbums</span>
      </td>
  <td class="duration">
    1,411s
  </td>
  <td class="result">
        
    
        

      </td>
</tr>
<tr>
  <td class="method">
                  <span class="description" title="Проверяет отображение артистов на <<Новинки>>">CheckArtists</span>
      </td>
  <td class="duration">
    1,301s
  </td>
  <td class="result">
        
    
        

      </td>
</tr>
<tr>
  <td class="method">
                  <span class="description" title="Проверяет отображение блоков на <<Новинки>>">CheckBlocks</span>
      </td>
  <td class="duration">
    1,148s
  </td>
  <td class="result">
        
    
        

      </td>
</tr>
<tr>
  <td class="method">
                  <span class="description" title="Проверяет ссылки на шапке <<Новинки>>">CheckHeader</span>
      </td>
  <td class="duration">
    3,494s
  </td>
  <td class="result">
        
    
        

      </td>
</tr>
<tr>
  <td class="method">
                  <span class="description" title="Проверят отображение блока соц сетей на <<Новинки>>">CheckSocialLinks</span>
      </td>
  <td class="duration">
    1,900s
  </td>
  <td class="result">
        
    
        

      </td>
</tr>
<tr>
  <td class="method">
                  <span class="description" title="Проверяет отображение и корректность имен блоков на <<Новинки>>">CheckTitle</span>
      </td>
  <td class="duration">
    1,608s
  </td>
  <td class="result">
        
    
        

      </td>
</tr>
<tr>
  <td class="method">
                  <span class="description" title="Проверяет отображение треков на <<>Новинки>">CheckTracks</span>
      </td>
  <td class="duration">
    2,368s
  </td>
  <td class="result">
        
    
        

      </td>
</tr>
<tr>
  <td class="method">
                  <span class="description" title="Тестируем поиск на <<Новинки>>">Search</span>
      </td>
  <td class="duration">
    3,256s
  </td>
  <td class="result">
        
    
        

      </td>
</tr>
          <tr>
        <td colspan="3" class="group">content.Playlist</td>
      </tr>
            
<tr>
  <td class="method">
                  <span class="description" title="Проверяет ссылки на шапке на <<Мой плейлист>>">CheckHeader</span>
      </td>
  <td class="duration">
    3,529s
  </td>
  <td class="result">
        
    
        

      </td>
</tr>
<tr>
  <td class="method">
                  <span class="description" title="Проверяет блок соц сетей на <<Мой плейлист>>">CheckSocialLinks</span>
      </td>
  <td class="duration">
    1,488s
  </td>
  <td class="result">
        
    
        

      </td>
</tr>
<tr>
  <td class="method">
                  <span class="description" title="Проверяет играет ли музыка на <<Мой плейлист>>">PlayTrack</span>
      </td>
  <td class="duration">
    5,946s
  </td>
  <td class="result">
        
    
        

      </td>
</tr>
          <tr>
        <td colspan="3" class="group">content.Upload</td>
      </tr>
            
<tr>
  <td class="method">
                  <span class="description" title="Проверяет есть ли кнопка *загрузить* на <<Загрузить>>">CheckBtn</span>
      </td>
  <td class="duration">
    0,935s
  </td>
  <td class="result">
        
    
        

      </td>
</tr>
          <tr>
        <td colspan="3" class="group">user.LoginTest</td>
      </tr>
            
<tr>
  <td class="method">
                  LogIn
      </td>
  <td class="duration">
    12,398s
  </td>
  <td class="result">
        
    
        

      </td>
</tr>
      </table>
  
</body>
</html>
